Using pre-set license
Built from '2020.3/staging' branch; Version is '2020.3.38f1 (8f5fde82e2dc) revision 9396190'; Using compiler version '192528614'; Build Type 'Release'
OS: 'Windows 10  (10.0.19044) 64bit Core' Language: 'en' Physical Memory: 20116 MB
BatchMode: 1, IsHumanControllingUs: 0, StartBugReporterOnCrash: 0, Is64bit: 1, IsPro: 0

COMMAND LINE ARGUMENTS:
C:\Program Files\Unity\Hub\Editor\2020.3.38f1\Editor\Unity.exe
-adb2
-batchMode
-noUpm
-name
AssetImportWorker0
-projectPath
C:/Users/sudok/Documents/GitHub/newersauce/GameProg2-Project/Level1
-logFile
Logs/AssetImportWorker0.log
-srvPort
<<<<<<< Updated upstream
1050
Successfully changed project path to: C:/Users/sudok/Documents/GitHub/newersauce/GameProg2-Project/Level1
C:/Users/sudok/Documents/GitHub/newersauce/GameProg2-Project/Level1
Using Asset Import Pipeline V2.
Refreshing native plugins compatible for Editor in 101.30 ms, found 2 plugins.
=======
50501
Successfully changed project path to: C:/Users/Phuong Thanh Nguyen/Documents/Fall2022/GameProg2-Project/Level1
C:/Users/Phuong Thanh Nguyen/Documents/Fall2022/GameProg2-Project/Level1
Using Asset Import Pipeline V2.
Refreshing native plugins compatible for Editor in 42.58 ms, found 2 plugins.
>>>>>>> Stashed changes
Preloading 0 native plugins for Editor in 0.00 ms.
Initialize engine version: 2020.3.38f1 (8f5fde82e2dc)
[Subsystems] Discovering subsystems at path C:/Program Files/Unity/Hub/Editor/2020.3.38f1/Editor/Data/Resources/UnitySubsystems
[Subsystems] Discovering subsystems at path C:/Users/sudok/Documents/GitHub/newersauce/GameProg2-Project/Level1/Assets
GfxDevice: creating device client; threaded=0
Direct3D:
    Version:  Direct3D 11.0 [level 11.1]
    Renderer: AMD Radeon(TM) Vega 8 Graphics (ID=0x15dd)
    Vendor:   
    VRAM:     10058 MB
    Driver:   30.0.13026.3
Initialize mono
Mono path[0] = 'C:/Program Files/Unity/Hub/Editor/2020.3.38f1/Editor/Data/Managed'
Mono path[1] = 'C:/Program Files/Unity/Hub/Editor/2020.3.38f1/Editor/Data/MonoBleedingEdge/lib/mono/unityjit'
Mono config path = 'C:/Program Files/Unity/Hub/Editor/2020.3.38f1/Editor/Data/MonoBleedingEdge/etc'
<<<<<<< Updated upstream
Using monoOptions --debugger-agent=transport=dt_socket,embedding=1,server=y,suspend=n,address=127.0.0.1:56932
=======
Using monoOptions --debugger-agent=transport=dt_socket,embedding=1,server=y,suspend=n,address=127.0.0.1:56996
>>>>>>> Stashed changes
Begin MonoManager ReloadAssembly
Registering precompiled unity dll's ...
Register platform support module: C:/Program Files/Unity/Hub/Editor/2020.3.38f1/Editor/Data/PlaybackEngines/WebGLSupport/UnityEditor.WebGL.Extensions.dll
Register platform support module: C:/Program Files/Unity/Hub/Editor/2020.3.38f1/Editor/Data/PlaybackEngines/WindowsStandaloneSupport/UnityEditor.WindowsStandalone.Extensions.dll
<<<<<<< Updated upstream
Registered in 0.008996 seconds.
Native extension for WindowsStandalone target not found
Native extension for WebGL target not found
Refreshing native plugins compatible for Editor in 96.23 ms, found 2 plugins.
Preloading 0 native plugins for Editor in 0.00 ms.
Mono: successfully reloaded assembly
- Completed reload, in  1.467 seconds
Domain Reload Profiling:
	ReloadAssembly (1468ms)
		BeginReloadAssembly (169ms)
=======
Registered in 0.003514 seconds.
Native extension for WindowsStandalone target not found
Native extension for WebGL target not found
Refreshing native plugins compatible for Editor in 39.21 ms, found 2 plugins.
Preloading 0 native plugins for Editor in 0.00 ms.
Mono: successfully reloaded assembly
- Completed reload, in  0.645 seconds
Domain Reload Profiling:
	ReloadAssembly (645ms)
		BeginReloadAssembly (94ms)
>>>>>>> Stashed changes
			ExecutionOrderSort (0ms)
			DisableScriptedObjects (0ms)
			BackupInstance (0ms)
			ReleaseScriptingObjects (0ms)
<<<<<<< Updated upstream
			CreateAndSetChildDomain (2ms)
		EndReloadAssembly (1108ms)
			LoadAssemblies (164ms)
			RebuildTransferFunctionScriptingTraits (0ms)
			SetupTypeCache (328ms)
			ReleaseScriptCaches (0ms)
			RebuildScriptCaches (95ms)
			SetupLoadedEditorAssemblies (417ms)
				LogAssemblyErrors (0ms)
				InitializePlatformSupportModulesInManaged (13ms)
				SetLoadedEditorAssemblies (1ms)
				RefreshPlugins (96ms)
				BeforeProcessingInitializeOnLoad (32ms)
				ProcessInitializeOnLoadAttributes (216ms)
				ProcessInitializeOnLoadMethodAttributes (59ms)
=======
			CreateAndSetChildDomain (1ms)
		EndReloadAssembly (471ms)
			LoadAssemblies (90ms)
			RebuildTransferFunctionScriptingTraits (0ms)
			SetupTypeCache (162ms)
			ReleaseScriptCaches (0ms)
			RebuildScriptCaches (27ms)
			SetupLoadedEditorAssemblies (177ms)
				LogAssemblyErrors (0ms)
				InitializePlatformSupportModulesInManaged (6ms)
				SetLoadedEditorAssemblies (0ms)
				RefreshPlugins (39ms)
				BeforeProcessingInitializeOnLoad (10ms)
				ProcessInitializeOnLoadAttributes (92ms)
				ProcessInitializeOnLoadMethodAttributes (29ms)
>>>>>>> Stashed changes
				AfterProcessingInitializeOnLoad (0ms)
				EditorAssembliesLoaded (0ms)
			ExecutionOrderSort2 (0ms)
			AwakeInstancesAfterBackupRestoration (0ms)
Platform modules already initialized, skipping
Registering precompiled user dll's ...
<<<<<<< Updated upstream
Registered in 0.008249 seconds.
=======
Registered in 0.003655 seconds.
>>>>>>> Stashed changes
Begin MonoManager ReloadAssembly
Native extension for WindowsStandalone target not found
Native extension for WebGL target not found
Refreshing native plugins compatible for Editor in 1.04 ms, found 2 plugins.
Preloading 0 native plugins for Editor in 0.00 ms.
Mono: successfully reloaded assembly
<<<<<<< Updated upstream
- Completed reload, in  3.603 seconds
Domain Reload Profiling:
	ReloadAssembly (3606ms)
		BeginReloadAssembly (638ms)
=======
- Completed reload, in  1.030 seconds
Domain Reload Profiling:
	ReloadAssembly (1031ms)
		BeginReloadAssembly (156ms)
>>>>>>> Stashed changes
			ExecutionOrderSort (0ms)
			DisableScriptedObjects (22ms)
			BackupInstance (0ms)
			ReleaseScriptingObjects (0ms)
<<<<<<< Updated upstream
			CreateAndSetChildDomain (75ms)
		EndReloadAssembly (2732ms)
			LoadAssemblies (367ms)
			RebuildTransferFunctionScriptingTraits (0ms)
			SetupTypeCache (885ms)
			ReleaseScriptCaches (1ms)
			RebuildScriptCaches (159ms)
			SetupLoadedEditorAssemblies (1104ms)
=======
			CreateAndSetChildDomain (20ms)
		EndReloadAssembly (810ms)
			LoadAssemblies (111ms)
			RebuildTransferFunctionScriptingTraits (0ms)
			SetupTypeCache (250ms)
			ReleaseScriptCaches (0ms)
			RebuildScriptCaches (43ms)
			SetupLoadedEditorAssemblies (339ms)
>>>>>>> Stashed changes
				LogAssemblyErrors (0ms)
				InitializePlatformSupportModulesInManaged (19ms)
				SetLoadedEditorAssemblies (1ms)
				RefreshPlugins (1ms)
<<<<<<< Updated upstream
				BeforeProcessingInitializeOnLoad (318ms)
				ProcessInitializeOnLoadAttributes (680ms)
				ProcessInitializeOnLoadMethodAttributes (48ms)
				AfterProcessingInitializeOnLoad (34ms)
				EditorAssembliesLoaded (1ms)
			ExecutionOrderSort2 (0ms)
			AwakeInstancesAfterBackupRestoration (7ms)
Platform modules already initialized, skipping
========================================================================
Worker process is ready to serve import requests
Launched and connected shader compiler UnityShaderCompiler.exe after 0.14 seconds
Refreshing native plugins compatible for Editor in 1.13 ms, found 2 plugins.
Preloading 0 native plugins for Editor in 0.00 ms.
Unloading 1705 Unused Serialized files (Serialized files now loaded: 0)
System memory in use before: 76.2 MB.
System memory in use after: 76.3 MB.

Unloading 17 unused Assets to reduce memory usage. Loaded Objects now: 2145.
Total: 7.186200 ms (FindLiveObjects: 0.275300 ms CreateObjectMapping: 0.090800 ms MarkObjects: 6.654700 ms  DeleteObjects: 0.162600 ms)
=======
				BeforeProcessingInitializeOnLoad (64ms)
				ProcessInitializeOnLoadAttributes (245ms)
				ProcessInitializeOnLoadMethodAttributes (15ms)
				AfterProcessingInitializeOnLoad (8ms)
				EditorAssembliesLoaded (0ms)
			ExecutionOrderSort2 (0ms)
			AwakeInstancesAfterBackupRestoration (2ms)
Platform modules already initialized, skipping
========================================================================
Worker process is ready to serve import requests
Launched and connected shader compiler UnityShaderCompiler.exe after 0.05 seconds
Refreshing native plugins compatible for Editor in 0.50 ms, found 2 plugins.
Preloading 0 native plugins for Editor in 0.00 ms.
Unloading 1708 Unused Serialized files (Serialized files now loaded: 0)
System memory in use before: 77.2 MB.
System memory in use after: 77.3 MB.

Unloading 17 unused Assets to reduce memory usage. Loaded Objects now: 2149.
Total: 3.052600 ms (FindLiveObjects: 0.123800 ms CreateObjectMapping: 0.045200 ms MarkObjects: 2.815900 ms  DeleteObjects: 0.067000 ms)
>>>>>>> Stashed changes

AssetImportParameters requested are different than current active one (requested -> active):
  custom:framework-win-MediaFoundation: 216162199b28c13a410421893ffa2e32 -> 
  custom:video-decoder-ogg-theora: a1e56fd34408186e4bbccfd4996cb3dc -> 
  custom:container-muxer-webm: aa71ff27fc2769a1b78a27578f13a17b -> 
  custom:container-demuxer-webm: 4f35f7cbe854078d1ac9338744f61a02 -> 
  custom:container-demuxer-ogg: 62fdf1f143b41e24485cea50d1cbac27 -> 
  custom:video-encoder-webm-vp8: eb34c28f22e8b96e1ab97ce403110664 -> 
  custom:video-codec-MediaFoundation-h265: 746d11721c4dcdbdad8f713fa42b33f4 -> 
  custom:video-decoder-webm-vp8: 9c59270c3fd7afecdb556c50c9e8de78 -> 
  custom:audio-decoder-ogg-vorbis: bf7c407c2cedff20999df2af8eb42d56 -> 
  custom:audio-encoder-webm-vorbis: bf7c407c2cedff20999df2af8eb42d56 -> 
<<<<<<< Updated upstream
=======
========================================================================
Received Import Request.
  path: Assets/Materials/lettuce.mat
  artifactKey: Guid(98181717dceda134382cb08c8501fbb9) Importer(815301076,1909f56bfc062723c751e8b465ee728b)
Start importing Assets/Materials/lettuce.mat using Guid(98181717dceda134382cb08c8501fbb9) Importer(815301076,1909f56bfc062723c751e8b465ee728b)  -> (artifact id: 'b9e27f129778013ca9ea6d42a22a4ecf') in 0.114956 seconds 
========================================================================
Received Import Request.
  Time since last request: 0.000229 seconds.
  path: Assets/Materials/slipperyObject.physicMaterial
  artifactKey: Guid(9b2a24c2398a5524cbbb6582cefd05b2) Importer(815301076,1909f56bfc062723c751e8b465ee728b)
Start importing Assets/Materials/slipperyObject.physicMaterial using Guid(9b2a24c2398a5524cbbb6582cefd05b2) Importer(815301076,1909f56bfc062723c751e8b465ee728b)  -> (artifact id: '186ac4becc8159ce858e12eb5e1e6ef5') in 0.006265 seconds 
========================================================================
Received Import Request.
  Time since last request: 0.000191 seconds.
  path: Assets/Materials/Floor.mat
  artifactKey: Guid(73be8d918dce58e44b7721bc9ec6ee49) Importer(815301076,1909f56bfc062723c751e8b465ee728b)
Start importing Assets/Materials/Floor.mat using Guid(73be8d918dce58e44b7721bc9ec6ee49) Importer(815301076,1909f56bfc062723c751e8b465ee728b)  -> (artifact id: '8ab45aeacb9bffe1bffcac4785815ff4') in 0.017517 seconds 
========================================================================
Received Import Request.
  Time since last request: 0.000237 seconds.
  path: Assets/Materials/soupBase.mat
  artifactKey: Guid(b131c11c14b9d1f46ba5979ae909827b) Importer(815301076,1909f56bfc062723c751e8b465ee728b)
Start importing Assets/Materials/soupBase.mat using Guid(b131c11c14b9d1f46ba5979ae909827b) Importer(815301076,1909f56bfc062723c751e8b465ee728b)  -> (artifact id: '87de18401846516fa50dc2d20b2ec4f6') in 0.017712 seconds 
========================================================================
Received Import Request.
  Time since last request: 0.000221 seconds.
  path: Assets/Materials/Bricks_basecolor.png
  artifactKey: Guid(e40bd6eeac3d80a4ebc163df1153fbb3) Importer(815301076,1909f56bfc062723c751e8b465ee728b)
Start importing Assets/Materials/Bricks_basecolor.png using Guid(e40bd6eeac3d80a4ebc163df1153fbb3) Importer(815301076,1909f56bfc062723c751e8b465ee728b)  -> (artifact id: '303315448ff98cc9156cf69508cb31dc') in 0.083461 seconds 
========================================================================
Received Import Request.
  Time since last request: 0.000260 seconds.
  path: Assets/Materials/Yellow.mat
  artifactKey: Guid(4c802a51c72c0f04f90871e18ca67e42) Importer(815301076,1909f56bfc062723c751e8b465ee728b)
Start importing Assets/Materials/Yellow.mat using Guid(4c802a51c72c0f04f90871e18ca67e42) Importer(815301076,1909f56bfc062723c751e8b465ee728b)  -> (artifact id: '1976a0747449f6982afd6e2d60070319') in 0.010801 seconds 
========================================================================
Received Import Request.
  Time since last request: 0.000325 seconds.
  path: Assets/Materials/woodenBowl.mat
  artifactKey: Guid(2ee4969fa04f56d49aec3d1a33d14ec9) Importer(815301076,1909f56bfc062723c751e8b465ee728b)
Start importing Assets/Materials/woodenBowl.mat using Guid(2ee4969fa04f56d49aec3d1a33d14ec9) Importer(815301076,1909f56bfc062723c751e8b465ee728b)  -> (artifact id: '23185d3331c5620dd4c0bb9905f1b7bd') in 0.026037 seconds 
========================================================================
Received Import Request.
  Time since last request: 0.000194 seconds.
  path: Assets/Materials/Beige.mat
  artifactKey: Guid(99a71b54b2ca87b4087a569005b7ef67) Importer(815301076,1909f56bfc062723c751e8b465ee728b)
Start importing Assets/Materials/Beige.mat using Guid(99a71b54b2ca87b4087a569005b7ef67) Importer(815301076,1909f56bfc062723c751e8b465ee728b)  -> (artifact id: '8ed1e4673823c80dffc9f6680c109591') in 0.029548 seconds 
========================================================================
Received Import Request.
  Time since last request: 0.000195 seconds.
  path: Assets/Materials/Planks.mat
  artifactKey: Guid(adeaf759176ba404c8e199fb04881e3c) Importer(815301076,1909f56bfc062723c751e8b465ee728b)
Start importing Assets/Materials/Planks.mat using Guid(adeaf759176ba404c8e199fb04881e3c) Importer(815301076,1909f56bfc062723c751e8b465ee728b)  -> (artifact id: 'fd9f90000acee768a647056db4dfc8c6') in 0.031005 seconds 
========================================================================
Received Import Request.
  Time since last request: 0.000194 seconds.
  path: Assets/Materials/Fridge.mat
  artifactKey: Guid(087df87cfbb852e46ad8e2e58f47f120) Importer(815301076,1909f56bfc062723c751e8b465ee728b)
Start importing Assets/Materials/Fridge.mat using Guid(087df87cfbb852e46ad8e2e58f47f120) Importer(815301076,1909f56bfc062723c751e8b465ee728b)  -> (artifact id: '2e97b704debd30b73b10b6a12780898b') in 0.029859 seconds 
========================================================================
Received Import Request.
  Time since last request: 0.000187 seconds.
  path: Assets/Materials/lamp_01_albedo.jpg
  artifactKey: Guid(59a099ba8c21155408ffbc07ee29af5a) Importer(815301076,1909f56bfc062723c751e8b465ee728b)
Start importing Assets/Materials/lamp_01_albedo.jpg using Guid(59a099ba8c21155408ffbc07ee29af5a) Importer(815301076,1909f56bfc062723c751e8b465ee728b)  -> (artifact id: '7d303064a07744aa24637414e73357fa') in 0.031314 seconds 
========================================================================
Received Import Request.
  Time since last request: 0.000249 seconds.
  path: Assets/Materials/New Material 1.mat
  artifactKey: Guid(e838e23af13a2534e8ed5307d5326954) Importer(815301076,1909f56bfc062723c751e8b465ee728b)
Start importing Assets/Materials/New Material 1.mat using Guid(e838e23af13a2534e8ed5307d5326954) Importer(815301076,1909f56bfc062723c751e8b465ee728b)  -> (artifact id: '40489987017936f27b4a4e5f9c9227ba') in 0.028525 seconds 
========================================================================
Received Import Request.
  Time since last request: 0.000163 seconds.
  path: Assets/Materials/pr_spongeBob_albedo.mat
  artifactKey: Guid(821e8ebfb3cf8e2488e5b8ade39b9668) Importer(815301076,1909f56bfc062723c751e8b465ee728b)
Start importing Assets/Materials/pr_spongeBob_albedo.mat using Guid(821e8ebfb3cf8e2488e5b8ade39b9668) Importer(815301076,1909f56bfc062723c751e8b465ee728b)  -> (artifact id: '31dc47faee3c5522769369f9fc1384b1') in 0.033808 seconds 
========================================================================
Received Import Request.
  Time since last request: 0.000275 seconds.
  path: Assets/Materials/New Material.mat
  artifactKey: Guid(5f998f6a7540f1748afcde378c6685f4) Importer(815301076,1909f56bfc062723c751e8b465ee728b)
Start importing Assets/Materials/New Material.mat using Guid(5f998f6a7540f1748afcde378c6685f4) Importer(815301076,1909f56bfc062723c751e8b465ee728b)  -> (artifact id: 'df64e9f6fb51ea7385329801aae51763') in 0.029873 seconds 
========================================================================
Received Import Request.
  Time since last request: 0.000278 seconds.
  path: Assets/Materials/redish.mat
  artifactKey: Guid(a7c5d8f1c5145d443a9bd597256b81fe) Importer(815301076,1909f56bfc062723c751e8b465ee728b)
Start importing Assets/Materials/redish.mat using Guid(a7c5d8f1c5145d443a9bd597256b81fe) Importer(815301076,1909f56bfc062723c751e8b465ee728b)  -> (artifact id: 'edebfe93adbaa9d2c085aee0e046bccd') in 0.029869 seconds 
========================================================================
Received Import Request.
  Time since last request: 0.000231 seconds.
  path: Assets/Materials/glass.mat
  artifactKey: Guid(3948edf122dbc2a41b1287335cb2d580) Importer(815301076,1909f56bfc062723c751e8b465ee728b)
Start importing Assets/Materials/glass.mat using Guid(3948edf122dbc2a41b1287335cb2d580) Importer(815301076,1909f56bfc062723c751e8b465ee728b)  -> (artifact id: '1f8836663f5a9b2721bc428f17fd1bfa') in 0.030594 seconds 
========================================================================
Received Import Request.
  Time since last request: 0.000207 seconds.
  path: Assets/Materials/fridgeSideHolder.mat
  artifactKey: Guid(72e03d3267b168d44a8c47913a3fe28a) Importer(815301076,1909f56bfc062723c751e8b465ee728b)
Start importing Assets/Materials/fridgeSideHolder.mat using Guid(72e03d3267b168d44a8c47913a3fe28a) Importer(815301076,1909f56bfc062723c751e8b465ee728b)  -> (artifact id: 'c6a28cb9d7a61097dafb75f1bf8d90ac') in 0.031785 seconds 
========================================================================
Received Import Request.
  Time since last request: 0.000260 seconds.
  path: Assets/Materials/T_PaperTowelRoll_512_R.png
  artifactKey: Guid(c61106a301266ef4d9434d2cc8b18f72) Importer(815301076,1909f56bfc062723c751e8b465ee728b)
Start importing Assets/Materials/T_PaperTowelRoll_512_R.png using Guid(c61106a301266ef4d9434d2cc8b18f72) Importer(815301076,1909f56bfc062723c751e8b465ee728b)  -> (artifact id: '28da59ae96103fa5a269b2fe24caf7c7') in 0.012367 seconds 
========================================================================
Received Import Request.
  Time since last request: 0.000259 seconds.
  path: Assets/Materials/Water.mat
  artifactKey: Guid(08c8182b958e06b42a107fa8720a3b11) Importer(815301076,1909f56bfc062723c751e8b465ee728b)
Start importing Assets/Materials/Water.mat using Guid(08c8182b958e06b42a107fa8720a3b11) Importer(815301076,1909f56bfc062723c751e8b465ee728b)  -> (artifact id: 'faa0e61010afe8f741b5744c05ffb711') in 0.015834 seconds 
========================================================================
Received Import Request.
  Time since last request: 0.000271 seconds.
  path: Assets/Materials/Gray.mat
  artifactKey: Guid(7aefb6bda37e82d4dbdffc9e07794362) Importer(815301076,1909f56bfc062723c751e8b465ee728b)
Start importing Assets/Materials/Gray.mat using Guid(7aefb6bda37e82d4dbdffc9e07794362) Importer(815301076,1909f56bfc062723c751e8b465ee728b)  -> (artifact id: '5ac7d63e3c44cc5da937e373c30f5466') in 0.031416 seconds 
========================================================================
Received Import Request.
  Time since last request: 0.000277 seconds.
  path: Assets/Materials/New Material 3.mat
  artifactKey: Guid(e8fcae905f730854a8cb1a5ffe83842e) Importer(815301076,1909f56bfc062723c751e8b465ee728b)
Start importing Assets/Materials/New Material 3.mat using Guid(e8fcae905f730854a8cb1a5ffe83842e) Importer(815301076,1909f56bfc062723c751e8b465ee728b)  -> (artifact id: 'c5cb263feb4f84ef5bdc908277e8a4c3') in 0.030272 seconds 
========================================================================
Received Import Request.
  Time since last request: 0.000187 seconds.
  path: Assets/Materials/TableTop.mat
  artifactKey: Guid(f9a920c8b42498f4ab85e94de39d51cb) Importer(815301076,1909f56bfc062723c751e8b465ee728b)
Start importing Assets/Materials/TableTop.mat using Guid(f9a920c8b42498f4ab85e94de39d51cb) Importer(815301076,1909f56bfc062723c751e8b465ee728b)  -> (artifact id: '29c7223a8765e24d7d847992e86940ef') in 0.030997 seconds 
========================================================================
Received Import Request.
  Time since last request: 0.000228 seconds.
  path: Assets/Materials/stoveKnobs.mat
  artifactKey: Guid(f969b55545943c94b89ca5613f31a0a5) Importer(815301076,1909f56bfc062723c751e8b465ee728b)
Start importing Assets/Materials/stoveKnobs.mat using Guid(f969b55545943c94b89ca5613f31a0a5) Importer(815301076,1909f56bfc062723c751e8b465ee728b)  -> (artifact id: '62c7b2b317154dc41470d53b0e547cce') in 0.010858 seconds 
========================================================================
Received Import Request.
  Time since last request: 0.000233 seconds.
  path: Assets/Materials/New Material 2.mat
  artifactKey: Guid(ce43891bd9bc4694ca627ad6b303df48) Importer(815301076,1909f56bfc062723c751e8b465ee728b)
Start importing Assets/Materials/New Material 2.mat using Guid(ce43891bd9bc4694ca627ad6b303df48) Importer(815301076,1909f56bfc062723c751e8b465ee728b)  -> (artifact id: '517182b22970e53b84a54beb3f14cb8c') in 0.018867 seconds 
========================================================================
Received Import Request.
  Time since last request: 0.000317 seconds.
  path: Assets/Materials/Planks_Normal.mat
  artifactKey: Guid(2b30c5b593069e3408d9df20c57a3878) Importer(815301076,1909f56bfc062723c751e8b465ee728b)
Start importing Assets/Materials/Planks_Normal.mat using Guid(2b30c5b593069e3408d9df20c57a3878) Importer(815301076,1909f56bfc062723c751e8b465ee728b)  -> (artifact id: '62a70da25846cb608d252ee2560eb940') in 0.030610 seconds 
========================================================================
Received Import Request.
  Time since last request: 0.000260 seconds.
  path: Assets/Materials/internal_ground_ao_texture.jpeg
  artifactKey: Guid(70a6c5df5df53c54e85fc07411bcf2bc) Importer(815301076,1909f56bfc062723c751e8b465ee728b)
Start importing Assets/Materials/internal_ground_ao_texture.jpeg using Guid(70a6c5df5df53c54e85fc07411bcf2bc) Importer(815301076,1909f56bfc062723c751e8b465ee728b)  -> (artifact id: '40ca4ea44ce96edfddc07bb5367667ee') in 0.031257 seconds 
========================================================================
Received Import Request.
  Time since last request: 83.808369 seconds.
  path: Assets/Scenes/BossLevel.unity
  artifactKey: Guid(9098a4b49df61a64488b6138f0088a58) Importer(815301076,1909f56bfc062723c751e8b465ee728b)
Start importing Assets/Scenes/BossLevel.unity using Guid(9098a4b49df61a64488b6138f0088a58) Importer(815301076,1909f56bfc062723c751e8b465ee728b)  -> (artifact id: '88977322452f06f4f2ac9ff853074fb8') in 0.004543 seconds 
========================================================================
Received Import Request.
  Time since last request: 353.623860 seconds.
  path: Assets/Scenes/Level2.unity
  artifactKey: Guid(0f048c53ae46b5249babd79af2381339) Importer(815301076,1909f56bfc062723c751e8b465ee728b)
Start importing Assets/Scenes/Level2.unity using Guid(0f048c53ae46b5249babd79af2381339) Importer(815301076,1909f56bfc062723c751e8b465ee728b)  -> (artifact id: '5ecafcea4b5d7bb866cda772392fd3e3') in 0.006729 seconds 
========================================================================
Received Import Request.
  Time since last request: 34.433546 seconds.
  path: Assets/Scenes/SampleScene.unity
  artifactKey: Guid(9fc0d4010bbf28b4594072e72b8655ab) Importer(815301076,1909f56bfc062723c751e8b465ee728b)
Start importing Assets/Scenes/SampleScene.unity using Guid(9fc0d4010bbf28b4594072e72b8655ab) Importer(815301076,1909f56bfc062723c751e8b465ee728b)  -> (artifact id: '6d093d73b512dcdbcdcf31600f397c50') in 0.005748 seconds 
========================================================================
Received Import Request.
  Time since last request: 8.960551 seconds.
  path: Assets/Scenes/Level1.unity
  artifactKey: Guid(9fc0d4010bbf28b4594072e72b8655ab) Importer(815301076,1909f56bfc062723c751e8b465ee728b)
Start importing Assets/Scenes/Level1.unity using Guid(9fc0d4010bbf28b4594072e72b8655ab) Importer(815301076,1909f56bfc062723c751e8b465ee728b)  -> (artifact id: 'a508c054bb113b390cb2bd177af4d01b') in 0.004067 seconds 
>>>>>>> Stashed changes
AssetImportWorkerClient::OnTransportError - code=2 error=End of file
